<?xml version="1.0" encoding="UTF-8"?>
<testng-results ignored="0" total="1" passed="1" failed="0" skipped="0">
  <reporter-output>
  </reporter-output>
  <suite started-at="2025-10-30T15:31:35 IST" name="Payment Automation Suite" finished-at="2025-10-30T15:31:47 IST" duration-ms="11779">
    <groups>
    </groups>
    <test started-at="2025-10-30T15:31:35 IST" name="Payment Test" finished-at="2025-10-30T15:31:47 IST" duration-ms="11779">
      <class name="com.demo.tests.PaymentFlowTest">
        <test-method is-config="true" signature="setUp()[pri:0, instance:com.demo.tests.PaymentFlowTest@3bf7ca37]" started-at="2025-10-30T15:31:35 IST" name="setUp" finished-at="2025-10-30T15:31:37 IST" duration-ms="2176" status="PASS">
          <reporter-output>
          </reporter-output>
        </test-method> <!-- setUp -->
        <test-method signature="verifyPaymentFlowTillOtp()[pri:0, instance:com.demo.tests.PaymentFlowTest@3bf7ca37]" started-at="2025-10-30T15:31:37 IST" name="verifyPaymentFlowTillOtp" finished-at="2025-10-30T15:31:47 IST" duration-ms="9545" status="PASS">
          <reporter-output>
          </reporter-output>
        </test-method> <!-- verifyPaymentFlowTillOtp -->
        <test-method is-config="true" signature="tearDown()[pri:0, instance:com.demo.tests.PaymentFlowTest@3bf7ca37]" started-at="2025-10-30T15:31:47 IST" name="tearDown" finished-at="2025-10-30T15:31:47 IST" duration-ms="0" status="PASS">
          <reporter-output>
          </reporter-output>
        </test-method> <!-- tearDown -->
      </class> <!-- com.demo.tests.PaymentFlowTest -->
    </test> <!-- Payment Test -->
  </suite> <!-- Payment Automation Suite -->
</testng-results>
